Using pre-set license
Built from '2020.3/staging' branch; Version is '2020.3.22f1 (e1a7f79fd887) revision 14788599'; Using compiler version '192528614'; Build Type 'Release'
OS: 'Windows 10 Home; OS build 19043.1348; Version 2009; 64bit' Language: 'en' Physical Memory: 7059 MB
BatchMode: 1, IsHumanControllingUs: 0, StartBugReporterOnCrash: 0, Is64bit: 1, IsPro: 0

COMMAND LINE ARGUMENTS:
C:\Program Files\Unity\Hub\Editor\2020.3.22f1\Editor\Unity.exe
-adb2
-batchMode
-noUpm
-name
AssetImportWorker1
-projectPath
C:/Users/awang/BobBird2D
-logFile
Logs/AssetImportWorker1.log
-srvPort
64568
Successfully changed project path to: C:/Users/awang/BobBird2D
C:/Users/awang/BobBird2D
Using Asset Import Pipeline V2.
Refreshing native plugins compatible for Editor in 79.96 ms, found 3 plugins.
Preloading 0 native plugins for Editor in 0.00 ms.
Initialize engine version: 2020.3.22f1 (e1a7f79fd887)
[Subsystems] Discovering subsystems at path C:/Program Files/Unity/Hub/Editor/2020.3.22f1/Editor/Data/Resources/UnitySubsystems
[Subsystems] Discovering subsystems at path C:/Users/awang/BobBird2D/Assets
GfxDevice: creating device client; threaded=0
Direct3D:
    Version:  Direct3D 11.0 [level 11.1]
    Renderer: AMD Radeon(TM) RX Vega 10 Graphics (ID=0x15dd)
    Vendor:   
    VRAM:     3529 MB
    Driver:   27.20.22025.1006
Initialize mono
Mono path[0] = 'C:/Program Files/Unity/Hub/Editor/2020.3.22f1/Editor/Data/Managed'
Mono path[1] = 'C:/Program Files/Unity/Hub/Editor/2020.3.22f1/Editor/Data/MonoBleedingEdge/lib/mono/unityjit'
Mono config path = 'C:/Program Files/Unity/Hub/Editor/2020.3.22f1/Editor/Data/MonoBleedingEdge/etc'
Using monoOptions --debugger-agent=transport=dt_socket,embedding=1,server=y,suspend=n,address=127.0.0.1:56560
Begin MonoManager ReloadAssembly
Registering precompiled unity dll's ...
Register platform support module: C:/Program Files/Unity/Hub/Editor/2020.3.22f1/Editor/Data/PlaybackEngines/WebGLSupport/UnityEditor.WebGL.Extensions.dll
Register platform support module: C:/Program Files/Unity/Hub/Editor/2020.3.22f1/Editor/Data/PlaybackEngines/WindowsStandaloneSupport/UnityEditor.WindowsStandalone.Extensions.dll
Registered in 0.003049 seconds.
Native extension for WindowsStandalone target not found
Native extension for WebGL target not found
Refreshing native plugins compatible for Editor in 95.35 ms, found 3 plugins.
Preloading 0 native plugins for Editor in 0.00 ms.
Mono: successfully reloaded assembly
- Completed reload, in  1.977 seconds
Domain Reload Profiling:
	ReloadAssembly (1978ms)
		BeginReloadAssembly (86ms)
			ExecutionOrderSort (0ms)
			DisableScriptedObjects (0ms)
			BackupInstance (0ms)
			ReleaseScriptingObjects (0ms)
			CreateAndSetChildDomain (2ms)
		EndReloadAssembly (801ms)
			LoadAssemblies (84ms)
			RebuildTransferFunctionScriptingTraits (0ms)
			SetupTypeCache (266ms)
			ReleaseScriptCaches (0ms)
			RebuildScriptCaches (58ms)
			SetupLoadedEditorAssemblies (324ms)
				LogAssemblyErrors (0ms)
				InitializePlatformSupportModulesInManaged (10ms)
				SetLoadedEditorAssemblies (0ms)
				RefreshPlugins (95ms)
				BeforeProcessingInitializeOnLoad (26ms)
				ProcessInitializeOnLoadAttributes (145ms)
				ProcessInitializeOnLoadMethodAttributes (46ms)
				AfterProcessingInitializeOnLoad (0ms)
				EditorAssembliesLoaded (0ms)
			ExecutionOrderSort2 (0ms)
			AwakeInstancesAfterBackupRestoration (0ms)
Platform modules already initialized, skipping
Registering precompiled user dll's ...
Registered in 0.009171 seconds.
Begin MonoManager ReloadAssembly
Native extension for WindowsStandalone target not found
Native extension for WebGL target not found
Refreshing native plugins compatible for Editor in 94.12 ms, found 3 plugins.
Preloading 0 native plugins for Editor in 0.00 ms.
Mono: successfully reloaded assembly
- Completed reload, in  2.022 seconds
Domain Reload Profiling:
	ReloadAssembly (2031ms)
		BeginReloadAssembly (265ms)
			ExecutionOrderSort (0ms)
			DisableScriptedObjects (8ms)
			BackupInstance (0ms)
			ReleaseScriptingObjects (0ms)
			CreateAndSetChildDomain (30ms)
		EndReloadAssembly (1654ms)
			LoadAssemblies (179ms)
			RebuildTransferFunctionScriptingTraits (0ms)
			SetupTypeCache (535ms)
			ReleaseScriptCaches (1ms)
			RebuildScriptCaches (80ms)
			SetupLoadedEditorAssemblies (671ms)
				LogAssemblyErrors (0ms)
				InitializePlatformSupportModulesInManaged (10ms)
				SetLoadedEditorAssemblies (0ms)
				RefreshPlugins (94ms)
				BeforeProcessingInitializeOnLoad (157ms)
				ProcessInitializeOnLoadAttributes (364ms)
				ProcessInitializeOnLoadMethodAttributes (36ms)
				AfterProcessingInitializeOnLoad (9ms)
				EditorAssembliesLoaded (0ms)
			ExecutionOrderSort2 (0ms)
			AwakeInstancesAfterBackupRestoration (14ms)
Platform modules already initialized, skipping
========================================================================
Worker process is ready to serve import requests
Launched and connected shader compiler UnityShaderCompiler.exe after 0.14 seconds
Refreshing native plugins compatible for Editor in 1.88 ms, found 3 plugins.
Preloading 0 native plugins for Editor in 0.00 ms.
Unloading 2254 Unused Serialized files (Serialized files now loaded: 0)
System memory in use before: 99.5 MB.
System memory in use after: 99.6 MB.

Unloading 28 unused Assets to reduce memory usage. Loaded Objects now: 2688.
Total: 6.972400 ms (FindLiveObjects: 0.576700 ms CreateObjectMapping: 0.121400 ms MarkObjects: 6.019900 ms  DeleteObjects: 0.251100 ms)

AssetImportParameters requested are different than current active one (requested -> active):
  custom:framework-win-MediaFoundation: 216162199b28c13a410421893ffa2e32 -> 
  custom:video-decoder-ogg-theora: a1e56fd34408186e4bbccfd4996cb3dc -> 
  custom:container-muxer-webm: aa71ff27fc2769a1b78a27578f13a17b -> 
  custom:container-demuxer-webm: 4f35f7cbe854078d1ac9338744f61a02 -> 
  custom:container-demuxer-ogg: 62fdf1f143b41e24485cea50d1cbac27 -> 
  custom:video-encoder-webm-vp8: eb34c28f22e8b96e1ab97ce403110664 -> 
  custom:video-codec-MediaFoundation-h265: 746d11721c4dcdbdad8f713fa42b33f4 -> 
  custom:video-decoder-webm-vp8: 9c59270c3fd7afecdb556c50c9e8de78 -> 
  custom:audio-decoder-ogg-vorbis: bf7c407c2cedff20999df2af8eb42d56 -> 
  custom:audio-encoder-webm-vorbis: bf7c407c2cedff20999df2af8eb42d56 -> 
========================================================================
Received Import Request.
  path: Assets/Scenes/Level1scene.unity
  artifactKey: Guid(64c047ab498e37843a98acbdd1a5b25e) Importer(815301076,1909f56bfc062723c751e8b465ee728b)
Start importing Assets/Scenes/Level1scene.unity using Guid(64c047ab498e37843a98acbdd1a5b25e) Importer(815301076,1909f56bfc062723c751e8b465ee728b)  -> (artifact id: '41de6c2a8766b411db2b920b8aed48d9') in 0.045172 seconds 
  Import took 0.052289 seconds .

========================================================================
Received Import Request.
  Time since last request: 1.219733 seconds.
  path: Assets/Prefab/Crates_17.prefab
  artifactKey: Guid(796890d37d9049f45a5519e6de4084bf) Importer(815301076,1909f56bfc062723c751e8b465ee728b)
Start importing Assets/Prefab/Crates_17.prefab using Guid(796890d37d9049f45a5519e6de4084bf) Importer(815301076,1909f56bfc062723c751e8b465ee728b)  -> (artifact id: '455b656a168fd294878ef048486dea0d') in 0.173696 seconds 
  Import took 0.179025 seconds .

========================================================================
Received Import Request.
  Time since last request: 0.000340 seconds.
  path: Assets/Prefab/Health1Up.prefab
  artifactKey: Guid(1c1babc30a52a9942adcdb5fd6bd65e3) Importer(815301076,1909f56bfc062723c751e8b465ee728b)
Start importing Assets/Prefab/Health1Up.prefab using Guid(1c1babc30a52a9942adcdb5fd6bd65e3) Importer(815301076,1909f56bfc062723c751e8b465ee728b)  -> (artifact id: '552595b79bfd95fb6af56758df103cfb') in 0.035011 seconds 
  Import took 0.041952 seconds .

========================================================================
Received Import Request.
  Time since last request: 0.000402 seconds.
  path: Assets/Prefab/Crates_26.prefab
  artifactKey: Guid(18d5c726ee79d194591b419e9f41383a) Importer(815301076,1909f56bfc062723c751e8b465ee728b)
Start importing Assets/Prefab/Crates_26.prefab using Guid(18d5c726ee79d194591b419e9f41383a) Importer(815301076,1909f56bfc062723c751e8b465ee728b)  -> (artifact id: '57b1cfe2feb253541b42ae22b67e5685') in 0.029159 seconds 
  Import took 0.036282 seconds .

========================================================================
Received Import Request.
  Time since last request: 0.000467 seconds.
  path: Assets/Prefab/hits-5-1 (1).prefab
  artifactKey: Guid(b10288183478eb0498fcd03ddd79dd73) Importer(815301076,1909f56bfc062723c751e8b465ee728b)
Start importing Assets/Prefab/hits-5-1 (1).prefab using Guid(b10288183478eb0498fcd03ddd79dd73) Importer(815301076,1909f56bfc062723c751e8b465ee728b)  -> (artifact id: 'a7b6a8b3fef26a96ed5da583639cd90a') in 0.038643 seconds 
  Import took 0.045405 seconds .

========================================================================
Received Import Request.
  Time since last request: 0.000265 seconds.
  path: Assets/Prefab/HealthBar_LR.prefab
  artifactKey: Guid(cf36dad577a265140b0a5b4b3a6026ac) Importer(815301076,1909f56bfc062723c751e8b465ee728b)
Start importing Assets/Prefab/HealthBar_LR.prefab using Guid(cf36dad577a265140b0a5b4b3a6026ac) Importer(815301076,1909f56bfc062723c751e8b465ee728b)  -> (artifact id: 'bbf96a887eab80a2150578e1856bae7a') in 0.037155 seconds 
  Import took 0.042835 seconds .

========================================================================
Received Import Request.
  Time since last request: 0.000334 seconds.
  path: Assets/Prefab/ObstaclePattern01.prefab
  artifactKey: Guid(3ac8bbb445ec64243b3007d1a2e3de34) Importer(815301076,1909f56bfc062723c751e8b465ee728b)
Start importing Assets/Prefab/ObstaclePattern01.prefab using Guid(3ac8bbb445ec64243b3007d1a2e3de34) Importer(815301076,1909f56bfc062723c751e8b465ee728b)  -> (artifact id: '05b898733275befb449486828b04cf83') in 0.021596 seconds 
  Import took 0.027545 seconds .

========================================================================
Received Import Request.
  Time since last request: 105.443414 seconds.
  path: Assets/Prefab/ObstaclePattern02 (1).prefab
  artifactKey: Guid(14e00ce3d38e4e44091471718495cf1d) Importer(815301076,1909f56bfc062723c751e8b465ee728b)
Start importing Assets/Prefab/ObstaclePattern02 (1).prefab using Guid(14e00ce3d38e4e44091471718495cf1d) Importer(815301076,1909f56bfc062723c751e8b465ee728b)  -> (artifact id: '340821389bc2e13336f22405d4e247d8') in 0.018913 seconds 
  Import took 0.025273 seconds .

========================================================================
Received Import Request.
  Time since last request: 0.000331 seconds.
  path: Assets/Prefab/ObstaclePattern04.prefab
  artifactKey: Guid(b694fd7dafa0c4644b2944b4f78c9bd8) Importer(815301076,1909f56bfc062723c751e8b465ee728b)
Start importing Assets/Prefab/ObstaclePattern04.prefab using Guid(b694fd7dafa0c4644b2944b4f78c9bd8) Importer(815301076,1909f56bfc062723c751e8b465ee728b)  -> (artifact id: 'a1c878d06f33bb94b2353342164cfbec') in 0.021013 seconds 
  Import took 0.027525 seconds .

========================================================================
Received Import Request.
  Time since last request: 0.000367 seconds.
  path: Assets/Prefab/ObstaclePattern02.prefab
  artifactKey: Guid(d99cdd8851351574e92ea5ee69ad7fcb) Importer(815301076,1909f56bfc062723c751e8b465ee728b)
Start importing Assets/Prefab/ObstaclePattern02.prefab using Guid(d99cdd8851351574e92ea5ee69ad7fcb) Importer(815301076,1909f56bfc062723c751e8b465ee728b)  -> (artifact id: '939265f8572b5ae9db079a6e25ce0c61') in 0.022741 seconds 
  Import took 0.029334 seconds .

========================================================================
Received Import Request.
  Time since last request: 0.922689 seconds.
  path: Assets/Prefab/Crates_16.prefab
  artifactKey: Guid(0b0b9843108aba145b1311be045475f1) Importer(815301076,1909f56bfc062723c751e8b465ee728b)
Start importing Assets/Prefab/Crates_16.prefab using Guid(0b0b9843108aba145b1311be045475f1) Importer(815301076,1909f56bfc062723c751e8b465ee728b)  -> (artifact id: '27b7acef436f96ee58cf964196f9d382') in 0.034142 seconds 
  Import took 0.041799 seconds .

========================================================================
Received Import Request.
  Time since last request: 0.034543 seconds.
  path: Assets/Prefab/Crates_15.prefab
  artifactKey: Guid(7878b42d54a28bf498a5e4d2c0133f85) Importer(815301076,1909f56bfc062723c751e8b465ee728b)
Start importing Assets/Prefab/Crates_15.prefab using Guid(7878b42d54a28bf498a5e4d2c0133f85) Importer(815301076,1909f56bfc062723c751e8b465ee728b)  -> (artifact id: '28ce8a60fae8449791393ebf62ff340e') in 0.024568 seconds 
  Import took 0.030356 seconds .

========================================================================
Received Import Request.
  Time since last request: 0.290836 seconds.
  path: Assets/Prefab/bird301.prefab
  artifactKey: Guid(f2156bf48f0654a47acf160a6d2ea356) Importer(815301076,1909f56bfc062723c751e8b465ee728b)
Start importing Assets/Prefab/bird301.prefab using Guid(f2156bf48f0654a47acf160a6d2ea356) Importer(815301076,1909f56bfc062723c751e8b465ee728b)  -> (artifact id: 'f536b1351f223439e40e837c7a1cec94') in 0.027091 seconds 
  Import took 0.033316 seconds .

========================================================================
Received Import Request.
  Time since last request: 0.000421 seconds.
  path: Assets/Prefab/bird103.prefab
  artifactKey: Guid(44021bbf73fcb4c4cb826586515d5b44) Importer(815301076,1909f56bfc062723c751e8b465ee728b)
Start importing Assets/Prefab/bird103.prefab using Guid(44021bbf73fcb4c4cb826586515d5b44) Importer(815301076,1909f56bfc062723c751e8b465ee728b)  -> (artifact id: 'ce499fdb6c8f28f5d55c728822fe871b') in 0.027764 seconds 
  Import took 0.035224 seconds .

========================================================================
Received Prepare
Registering precompiled user dll's ...
Registered in 0.014958 seconds.
Begin MonoManager ReloadAssembly
Native extension for WindowsStandalone target not found
Native extension for WebGL target not found
Refreshing native plugins compatible for Editor in 0.77 ms, found 3 plugins.
Preloading 0 native plugins for Editor in 0.00 ms.
Mono: successfully reloaded assembly
- Completed reload, in  2.391 seconds
Domain Reload Profiling:
	ReloadAssembly (2398ms)
		BeginReloadAssembly (615ms)
			ExecutionOrderSort (0ms)
			DisableScriptedObjects (67ms)
			BackupInstance (0ms)
			ReleaseScriptingObjects (1ms)
			CreateAndSetChildDomain (341ms)
		EndReloadAssembly (1662ms)
			LoadAssemblies (236ms)
			RebuildTransferFunctionScriptingTraits (0ms)
			SetupTypeCache (657ms)
			ReleaseScriptCaches (1ms)
			RebuildScriptCaches (60ms)
			SetupLoadedEditorAssemblies (526ms)
				LogAssemblyErrors (0ms)
				InitializePlatformSupportModulesInManaged (13ms)
				SetLoadedEditorAssemblies (1ms)
				RefreshPlugins (1ms)
				BeforeProcessingInitializeOnLoad (122ms)
				ProcessInitializeOnLoadAttributes (358ms)
				ProcessInitializeOnLoadMethodAttributes (22ms)
				AfterProcessingInitializeOnLoad (9ms)
				EditorAssembliesLoaded (0ms)
			ExecutionOrderSort2 (0ms)
			AwakeInstancesAfterBackupRestoration (16ms)
Platform modules already initialized, skipping
Refreshing native plugins compatible for Editor in 0.69 ms, found 3 plugins.
Preloading 0 native plugins for Editor in 0.00 ms.
Unloading 2227 Unused Serialized files (Serialized files now loaded: 0)
System memory in use before: 100.5 MB.
System memory in use after: 100.6 MB.

Unloading 17 unused Assets to reduce memory usage. Loaded Objects now: 2697.
Total: 7.053700 ms (FindLiveObjects: 0.381300 ms CreateObjectMapping: 0.114300 ms MarkObjects: 6.473400 ms  DeleteObjects: 0.082200 ms)

AssetImportParameters requested are different than current active one (requested -> active):
  custom:framework-win-MediaFoundation: 216162199b28c13a410421893ffa2e32 -> 
  custom:video-decoder-ogg-theora: a1e56fd34408186e4bbccfd4996cb3dc -> 
  custom:container-muxer-webm: aa71ff27fc2769a1b78a27578f13a17b -> 
  custom:container-demuxer-webm: 4f35f7cbe854078d1ac9338744f61a02 -> 
  custom:container-demuxer-ogg: 62fdf1f143b41e24485cea50d1cbac27 -> 
  custom:video-encoder-webm-vp8: eb34c28f22e8b96e1ab97ce403110664 -> 
  custom:video-codec-MediaFoundation-h265: 746d11721c4dcdbdad8f713fa42b33f4 -> 
  custom:video-decoder-webm-vp8: 9c59270c3fd7afecdb556c50c9e8de78 -> 
  custom:audio-decoder-ogg-vorbis: bf7c407c2cedff20999df2af8eb42d56 -> 
  custom:audio-encoder-webm-vorbis: bf7c407c2cedff20999df2af8eb42d56 -> 
AssetImportWorkerClient::OnTransportError - code=2 error=End of file
